<?xml version="1.0" encoding="UTF-8"?>
<!-- Generated by org.testng.reporters.JUnitReportReporter -->
<testsuite skipped="0" hostname="MacBook-Pro.local" name="com.cybertek.ATestCleansUp" tests="1" failures="0" timestamp="20 Jun 2018 02:59:08 GMT" time="7.292" errors="0">
  <testcase name="seachGoogle" time="7.292" classname="com.cybertek.ATestCleansUp"/>
</testsuite> <!-- com.cybertek.ATestCleansUp -->
