<?xml version="1.0" encoding="UTF-8"?>
<!-- Generated by org.testng.reporters.JUnitReportReporter -->
<testsuite skipped="0" hostname="MacBook-Pro.local" name="com.cybertek.SearchTests" tests="1" failures="0" timestamp="21 Jun 2018 02:44:59 GMT" time="10.587" errors="0">
  <testcase name="amazonSearchOne" time="10.587" classname="com.cybertek.SearchTests"/>
</testsuite> <!-- com.cybertek.SearchTests -->
